TaxiService Started
TaxiServiceModel running
Window 1, group GroupNumber 1, Passengers 6, Destination: The Real Mary King's Close, taxi RegistrationNumber: 075FTS, Driver: Amy Allison, MaxPassengers: 1, Status: IN_ROUTE, passengers allocated 1, initial group 7, total groups 45, total taxis 45
Window 2, group GroupNumber 2, Passengers 3, Destination: Calton Hill, taxi RegistrationNumber: 398ZRK, Driver: Patience Baldwin, MaxPassengers: 1, Status: IN_ROUTE, passengers allocated 1, initial group 4, total groups 45, total taxis 44
Window 3, group GroupNumber 3, Passengers 3, Destination: Apex Waterloo Place Hotel, taxi RegistrationNumber: 704UUD, Driver: Delilah Mercer, MaxPassengers: 3, Status: READY, passengers allocated 3, initial group 6, total groups 45, total taxis 43
Window 4, group GroupNumber 4, Passengers 3, Destination: Ting Thai Caravan, taxi RegistrationNumber: 454DUV, Driver: Lana Pittman, MaxPassengers: 3, Status: IN_ROUTE, passengers allocated 3, initial group 6, total groups 45, total taxis 42
Window 5, group GroupNumber 5, Passengers 0, Destination: Edinburgh Castle, taxi RegistrationNumber: 126ICU, Driver: Christine Mcfadden, MaxPassengers: 5, Status: IN_ROUTE, passengers allocated 1, initial group 1, total groups 45, total taxis 41
Window 1, group GroupNumber 1, Passengers 4, Destination: The Real Mary King's Close, taxi RegistrationNumber: 764DWQ, Driver: Francis Singleton, MaxPassengers: 2, Status: READY, passengers allocated 2, initial group 7, total groups 45, total taxis 41
Window 2, group GroupNumber 2, Passengers 2, Destination: Calton Hill, taxi RegistrationNumber: 614LAJ, Driver: Freya David, MaxPassengers: 1, Status: READY, passengers allocated 1, initial group 4, total groups 45, total taxis 40
Window 3, group GroupNumber 3, Passengers 2, Destination: Apex Waterloo Place Hotel, taxi RegistrationNumber: 822MZQ, Driver: Tanek King, MaxPassengers: 1, Status: READY, passengers allocated 1, initial group 6, total groups 45, total taxis 39
Window 4, group GroupNumber 4, Passengers 0, Destination: Ting Thai Caravan, taxi RegistrationNumber: 820GHF, Driver: Emery Madden, MaxPassengers: 5, Status: IN_ROUTE, passengers allocated 3, initial group 6, total groups 45, total taxis 38
Window 1, group GroupNumber 1, Passengers 0, Destination: The Real Mary King's Close, taxi RegistrationNumber: 660QRQ, Driver: William Gilliam, MaxPassengers: 5, Status: READY, passengers allocated 4, initial group 7, total groups 44, total taxis 38
Window 2, group GroupNumber 2, Passengers 0, Destination: Calton Hill, taxi RegistrationNumber: 172IBB, Driver: Dominique Doyle, MaxPassengers: 3, Status: READY, passengers allocated 2, initial group 4, total groups 44, total taxis 38
Window 3, group GroupNumber 3, Passengers 0, Destination: Apex Waterloo Place Hotel, taxi RegistrationNumber: 040SZP, Driver: Armand Santana, MaxPassengers: 6, Status: READY, passengers allocated 2, initial group 6, total groups 44, total taxis 38
Window 5, group GroupNumber 6, Passengers 3, Destination: Arthur's Seat, taxi RegistrationNumber: 636OSH, Driver: Winifred Vasquez, MaxPassengers: 1, Status: IN_ROUTE, passengers allocated 1, initial group 4, total groups 40, total taxis 36
Window 4, group GroupNumber 7, Passengers 0, Destination: The Kitchin, taxi RegistrationNumber: 648GWN, Driver: Kendall Mcgowan, MaxPassengers: 6, Status: READY, passengers allocated 1, initial group 1, total groups 40, total taxis 32
Window 5, group GroupNumber 6, Passengers 2, Destination: Arthur's Seat, taxi RegistrationNumber: 738KIN, Driver: Price Francis, MaxPassengers: 1, Status: READY, passengers allocated 1, initial group 4, total groups 40, total taxis 32
Window 1, group GroupNumber 8, Passengers 0, Destination: Restaurant Martin Wishart, taxi RegistrationNumber: 551ISK, Driver: Sonya Allen, MaxPassengers: 4, Status: READY, passengers allocated 1, initial group 1, total groups 40, total taxis 32
Window 2, group GroupNumber 9, Passengers 0, Destination: The Dogs, taxi RegistrationNumber: 225MKZ, Driver: Laura Riddle, MaxPassengers: 2, Status: IN_ROUTE, passengers allocated 1, initial group 1, total groups 40, total taxis 31
Window 3, group GroupNumber 10, Passengers 2, Destination: BT Murrayfield Stadium, taxi RegistrationNumber: 924TLL, Driver: Venus Nunez, MaxPassengers: 2, Status: IN_ROUTE, passengers allocated 2, initial group 4, total groups 40, total taxis 31
Window 5, group GroupNumber 6, Passengers 0, Destination: Arthur's Seat, taxi RegistrationNumber: 618NMY, Driver: Fredericka Reilly, MaxPassengers: 5, Status: READY, passengers allocated 2, initial group 4, total groups 39, total taxis 30
Window 3, group GroupNumber 10, Passengers 0, Destination: BT Murrayfield Stadium, taxi RegistrationNumber: 565EBD, Driver: Imelda Palmer, MaxPassengers: 6, Status: READY, passengers allocated 2, initial group 4, total groups 37, total taxis 30
Window 4, group GroupNumber 11, Passengers 9, Destination: BT Murrayfield Stadium, taxi RegistrationNumber: 023YVK, Driver: Stewart Frye, MaxPassengers: 1, Status: IN_ROUTE, passengers allocated 1, initial group 10, total groups 35, total taxis 27
Window 1, group GroupNumber 12, Passengers 9, Destination: The Rutland Hotel, taxi RegistrationNumber: 271QVV, Driver: Illana Kelley, MaxPassengers: 1, Status: IN_ROUTE, passengers allocated 1, initial group 10, total groups 35, total taxis 26
Window 2, group GroupNumber 13, Passengers 3, Destination: The Scran and Scallie, taxi RegistrationNumber: 259MHN, Driver: Christian Burgess, MaxPassengers: 2, Status: IN_ROUTE, passengers allocated 2, initial group 5, total groups 35, total taxis 24
Window 4, group GroupNumber 11, Passengers 3, Destination: BT Murrayfield Stadium, taxi RegistrationNumber: 511HCD, Driver: Dorothy Puckett, MaxPassengers: 6, Status: IN_ROUTE, passengers allocated 6, initial group 10, total groups 35, total taxis 22
TOTAL Journey, taxi 075FTS, passengers 1, destination The Real Mary King's Close, distance 7.4, cost 25.40
Window 5, group GroupNumber 14, Passengers 9, Destination: Royal Yacht Britannia, taxi RegistrationNumber: 149OLI, Driver: Camilla Bush, MaxPassengers: 1, Status: IN_ROUTE, passengers allocated 1, initial group 10, total groups 35, total taxis 21
Window 1, group GroupNumber 12, Passengers 7, Destination: The Rutland Hotel, taxi RegistrationNumber: 542LEN, Driver: Jennifer Morgan, MaxPassengers: 2, Status: IN_ROUTE, passengers allocated 2, initial group 10, total groups 35, total taxis 21
TOTAL Journey, taxi 398ZRK, passengers 1, destination Calton Hill, distance 7.9, cost 25.90
Window 2, group GroupNumber 13, Passengers 2, Destination: The Scran and Scallie, taxi RegistrationNumber: 172IVP, Driver: Fuller Cote, MaxPassengers: 1, Status: IN_ROUTE, passengers allocated 1, initial group 5, total groups 35, total taxis 19
TOTAL Journey, taxi 704UUD, passengers 3, destination Apex Waterloo Place Hotel, distance 8.1, cost 26.10
Window 3, group GroupNumber 15, Passengers 5, Destination: Restaurant Martin Wishart, taxi RegistrationNumber: 850DRG, Driver: Lee Alvarado, MaxPassengers: 3, Status: READY, passengers allocated 3, initial group 8, total groups 35, total taxis 18
Window 4, group GroupNumber 11, Passengers 2, Destination: BT Murrayfield Stadium, taxi RegistrationNumber: 520PUS, Driver: Karyn May, MaxPassengers: 1, Status: IN_ROUTE, passengers allocated 1, initial group 10, total groups 35, total taxis 17
TOTAL Journey, taxi 126ICU, passengers 1, destination Edinburgh Castle, distance 7.5, cost 25.50
TOTAL Journey, taxi 764DWQ, passengers 2, destination The Real Mary King's Close, distance 7.4, cost 25.40
Window 5, group GroupNumber 14, Passengers 8, Destination: Royal Yacht Britannia, taxi RegistrationNumber: 155NMT, Driver: Kadeem Farrell, MaxPassengers: 1, Status: IN_ROUTE, passengers allocated 1, initial group 10, total groups 35, total taxis 16
Window 1, group GroupNumber 12, Passengers 1, Destination: The Rutland Hotel, taxi RegistrationNumber: 021UZE, Driver: Chester Knox, MaxPassengers: 6, Status: IN_ROUTE, passengers allocated 6, initial group 10, total groups 35, total taxis 15
TOTAL Journey, taxi 614LAJ, passengers 1, destination Calton Hill, distance 7.9, cost 25.90
Window 2, group GroupNumber 13, Passengers 0, Destination: The Scran and Scallie, taxi RegistrationNumber: 215MTD, Driver: Anika Callahan, MaxPassengers: 6, Status: READY, passengers allocated 2, initial group 5, total groups 35, total taxis 14
TOTAL Journey, taxi 822MZQ, passengers 1, destination Apex Waterloo Place Hotel, distance 8.1, cost 26.10
Window 3, group GroupNumber 15, Passengers 2, Destination: Restaurant Martin Wishart, taxi RegistrationNumber: 759KXE, Driver: Yen Cochran, MaxPassengers: 3, Status: IN_ROUTE, passengers allocated 3, initial group 8, total groups 35, total taxis 14
TOTAL Journey, taxi 454DUV, passengers 3, destination Ting Thai Caravan, distance 8.2, cost 27.20
Window 4, group GroupNumber 11, Passengers 0, Destination: BT Murrayfield Stadium, taxi RegistrationNumber: 804JLX, Driver: Morgan Sandoval, MaxPassengers: 5, Status: IN_ROUTE, passengers allocated 2, initial group 10, total groups 35, total taxis 13
TOTAL Journey, taxi 660QRQ, passengers 4, destination The Real Mary King's Close, distance 7.4, cost 25.40
Window 5, group GroupNumber 14, Passengers 7, Destination: Royal Yacht Britannia, taxi RegistrationNumber: 275HCF, Driver: Sydney Stokes, MaxPassengers: 1, Status: IN_ROUTE, passengers allocated 1, initial group 10, total groups 35, total taxis 13
Window 1, group GroupNumber 12, Passengers 0, Destination: The Rutland Hotel, taxi RegistrationNumber: 269VUK, Driver: Madaline Higgins, MaxPassengers: 2, Status: READY, passengers allocated 1, initial group 10, total groups 35, total taxis 12
TOTAL Journey, taxi 172IBB, passengers 2, destination Calton Hill, distance 7.9, cost 25.90
TOTAL Journey, taxi 040SZP, passengers 2, destination Apex Waterloo Place Hotel, distance 8.1, cost 26.10
Window 3, group GroupNumber 15, Passengers 0, Destination: Restaurant Martin Wishart, taxi RegistrationNumber: 438FRC, Driver: Clinton Morgan, MaxPassengers: 5, Status: IN_ROUTE, passengers allocated 2, initial group 8, total groups 34, total taxis 12
TOTAL Journey, taxi 820GHF, passengers 3, destination Ting Thai Caravan, distance 8.2, cost 27.20
Window 5, group GroupNumber 14, Passengers 4, Destination: Royal Yacht Britannia, taxi RegistrationNumber: 772SRE, Driver: Maya Compton, MaxPassengers: 3, Status: IN_ROUTE, passengers allocated 3, initial group 10, total groups 33, total taxis 12
TOTAL Journey, taxi 924TLL, passengers 2, destination BT Murrayfield Stadium, distance 5.9, cost 21.90
Window 5, group GroupNumber 14, Passengers 0, Destination: Royal Yacht Britannia, taxi RegistrationNumber: 161CRV, Driver: Caesar Shaw, MaxPassengers: 6, Status: IN_ROUTE, passengers allocated 4, initial group 10, total groups 31, total taxis 9
Window 2, group GroupNumber 16, Passengers 0, Destination: Tony Singh's, taxi RegistrationNumber: 655WXX, Driver: Wallace Dodson, MaxPassengers: 4, Status: IN_ROUTE, passengers allocated 3, initial group 3, total groups 31, total taxis 8
TOTAL Journey, taxi 565EBD, passengers 2, destination BT Murrayfield Stadium, distance 5.9, cost 21.90
Window 4, group GroupNumber 17, Passengers 7, Destination: The Scran and Scallie, taxi RegistrationNumber: 110PQZ, Driver: Brennan Day, MaxPassengers: 3, Status: READY, passengers allocated 3, initial group 10, total groups 31, total taxis 7
Window 1, group GroupNumber 18, Passengers 0, Destination: Palace of Holyroodhouse, taxi RegistrationNumber: 053MHZ, Driver: Armando Johnson, MaxPassengers: 6, Status: IN_ROUTE, passengers allocated 6, initial group 6, total groups 30, total taxis 6
TOTAL Journey, taxi 225MKZ, passengers 1, destination The Dogs, distance 7.3, cost 25.30
Window 3, group GroupNumber 19, Passengers 4, Destination: 21212, taxi RegistrationNumber: 059HUA, Driver: Baxter Roberts, MaxPassengers: 3, Status: IN_ROUTE, passengers allocated 3, initial group 7, total groups 29, total taxis 6
TOTAL Journey, taxi 023YVK, passengers 1, destination BT Murrayfield Stadium, distance 5.9, cost 21.90
Window 4, group GroupNumber 17, Passengers 6, Destination: The Scran and Scallie, taxi RegistrationNumber: 445YGT, Driver: Roanna Mcdaniel, MaxPassengers: 1, Status: READY, passengers allocated 1, initial group 10, total groups 29, total taxis 5
Window 3, group GroupNumber 19, Passengers 2, Destination: 21212, taxi RegistrationNumber: 009AKP, Driver: Farrah Blanchard, MaxPassengers: 2, Status: IN_ROUTE, passengers allocated 2, initial group 7, total groups 28, total taxis 2
TOTAL Journey, taxi 648GWN, passengers 1, destination The Kitchin, distance 9.4, cost 29.40
TOTAL Journey, taxi 511HCD, passengers 6, destination BT Murrayfield Stadium, distance 5.9, cost 21.90
Window 4, group GroupNumber 17, Passengers 1, Destination: The Scran and Scallie, taxi RegistrationNumber: 661HLG, Driver: Baker Thompson, MaxPassengers: 5, Status: IN_ROUTE, passengers allocated 5, initial group 10, total groups 28, total taxis 1
TOTAL Journey, taxi 636OSH, passengers 1, destination Arthur's Seat, distance 11.1, cost 32.10
TOTAL Journey, taxi 551ISK, passengers 1, destination Restaurant Martin Wishart, distance 9.6, cost 29.60
Window 5, group GroupNumber 20, Passengers 8, Destination: Ting Thai Caravan, taxi RegistrationNumber: 980RBX, Driver: Serena Jimenez, MaxPassengers: 1, Status: IN_ROUTE, passengers allocated 1, initial group 9, total groups 28, total taxis 0
Window 5 total taxi allocations 10
Window 1 total taxi allocations 9
Window 2, group GroupNumber 21, Passengers 0, Destination: The Scotsman Hotel, taxi RegistrationNumber: 512HUS, Driver: Chase Pierce, MaxPassengers: 5, Status: IN_ROUTE, passengers allocated 5, initial group 5, total groups 28, total taxis 0
Window 2 total taxi allocations 9
Window 3, group GroupNumber 19, Passengers 0, Destination: 21212, taxi RegistrationNumber: 559WJO, Driver: Amity Rodriquez, MaxPassengers: 3, Status: IN_ROUTE, passengers allocated 2, initial group 7, total groups 28, total taxis 0
Window 3 total taxi allocations 11
TOTAL Journey, taxi 520PUS, passengers 1, destination BT Murrayfield Stadium, distance 5.9, cost 21.90
Window 4, group GroupNumber 17, Passengers 0, Destination: The Scran and Scallie, taxi RegistrationNumber: 299DMI, Driver: Oprah Nieves, MaxPassengers: 4, Status: IN_ROUTE, passengers allocated 1, initial group 10, total groups 28, total taxis 0
Window 4 total taxi allocations 11
TaxiServiceModel finished running
TOTAL Journey, taxi 738KIN, passengers 1, destination Arthur's Seat, distance 11.1, cost 32.10
TOTAL Journey, taxi 271QVV, passengers 1, destination The Rutland Hotel, distance 7.4, cost 25.40
TOTAL Journey, taxi 259MHN, passengers 2, destination The Scran and Scallie, distance 7.5, cost 25.50
TOTAL Journey, taxi 804JLX, passengers 2, destination BT Murrayfield Stadium, distance 5.9, cost 21.90
TOTAL Journey, taxi 618NMY, passengers 2, destination Arthur's Seat, distance 11.1, cost 32.10
TOTAL Journey, taxi 542LEN, passengers 2, destination The Rutland Hotel, distance 7.4, cost 25.40
TOTAL Journey, taxi 172IVP, passengers 1, destination The Scran and Scallie, distance 7.5, cost 25.50
TOTAL Journey, taxi 021UZE, passengers 6, destination The Rutland Hotel, distance 7.4, cost 25.40
TOTAL Journey, taxi 215MTD, passengers 2, destination The Scran and Scallie, distance 7.5, cost 25.50
TOTAL Journey, taxi 149OLI, passengers 1, destination Royal Yacht Britannia, distance 9.6, cost 29.60
TOTAL Journey, taxi 269VUK, passengers 1, destination The Rutland Hotel, distance 7.4, cost 25.40
TOTAL Journey, taxi 850DRG, passengers 3, destination Restaurant Martin Wishart, distance 9.6, cost 29.60
TOTAL Journey, taxi 155NMT, passengers 1, destination Royal Yacht Britannia, distance 9.6, cost 29.60
TOTAL Journey, taxi 759KXE, passengers 3, destination Restaurant Martin Wishart, distance 9.6, cost 29.60
TOTAL Journey, taxi 275HCF, passengers 1, destination Royal Yacht Britannia, distance 9.6, cost 29.60
TOTAL Journey, taxi 655WXX, passengers 3, destination Tony Singh's, distance 7.8, cost 25.80
TOTAL Journey, taxi 438FRC, passengers 2, destination Restaurant Martin Wishart, distance 9.6, cost 29.60
TOTAL Journey, taxi 110PQZ, passengers 3, destination The Scran and Scallie, distance 7.5, cost 25.50
TOTAL Journey, taxi 772SRE, passengers 3, destination Royal Yacht Britannia, distance 9.6, cost 29.60
TOTAL Journey, taxi 053MHZ, passengers 6, destination Palace of Holyroodhouse, distance 8.1, cost 26.10
TOTAL Journey, taxi 445YGT, passengers 1, destination The Scran and Scallie, distance 7.5, cost 25.50
TOTAL Journey, taxi 161CRV, passengers 4, destination Royal Yacht Britannia, distance 9.6, cost 29.60
TOTAL Journey, taxi 059HUA, passengers 3, destination 21212, distance 8.8, cost 27.80
TOTAL Journey, taxi 661HLG, passengers 5, destination The Scran and Scallie, distance 7.5, cost 25.50
TOTAL Journey, taxi 009AKP, passengers 2, destination 21212, distance 8.8, cost 27.80
TOTAL Journey, taxi 299DMI, passengers 1, destination The Scran and Scallie, distance 7.5, cost 25.50
TOTAL Journey, taxi 980RBX, passengers 1, destination Ting Thai Caravan, distance 8.2, cost 27.20
TOTAL Journey, taxi 512HUS, passengers 5, destination The Scotsman Hotel, distance 8.4, cost 27.40
TOTAL Journey, taxi 559WJO, passengers 2, destination 21212, distance 8.8, cost 27.80
